poli_gas_android-master/app/build/intermediates/manifest_merge_blame_file/debug/manifest-merger-blame-debug-report.txt
1<?xml version="1.0" encoding="utf-8"?>
2<manifest xmlns:android="http://schemas.android.com/apk/res/android"
3    package="com.example.poli_gas"
4    android:versionCode="1"
5    android:versionName="1.0" >
6
7    <uses-sdk
8        android:minSdkVersion="17"
8-->src\main\AndroidManifest.xml
9        android:targetSdkVersion="29" />
9-->src\main\AndroidManifest.xml
10
11    <uses-permission android:name="android.permission.ACCESS_FINE_LOCATION" />
11-->src\main\AndroidManifest.xml:5:5-79
11-->src\main\AndroidManifest.xml:5:22-76
12    <uses-permission android:name="android.permission.FOREGROUND_SERVICE" />
12-->[com.mapbox.mapboxsdk:mapbox-android-navigation:0.42.4] AndroidManifest.xml:9:5-77
12-->[com.mapbox.mapboxsdk:mapbox-android-navigation:0.42.4] AndroidManifest.xml:9:22-74
13
14    <uses-feature
14-->[com.mapbox.mapboxsdk:mapbox-android-sdk:8.6.0] AndroidManifest.xml:9:5-11:35
15        android:glEsVersion="0x00020000"
15-->[com.mapbox.mapboxsdk:mapbox-android-sdk:8.6.0] AndroidManifest.xml:10:9-41
16        android:required="true" />
16-->[com.mapbox.mapboxsdk:mapbox-android-sdk:8.6.0] AndroidManifest.xml:11:9-32
17    <uses-feature
17-->[com.mapbox.mapboxsdk:mapbox-android-sdk:8.6.0] AndroidManifest.xml:12:5-14:36
18        android:name="android.hardware.wifi"
18-->[com.mapbox.mapboxsdk:mapbox-android-sdk:8.6.0] AndroidManifest.xml:13:9-45
19        android:required="false" /> <!-- Implied by ACCESS_WIFI_STATE. -->
19-->[com.mapbox.mapboxsdk:mapbox-android-sdk:8.6.0] AndroidManifest.xml:14:9-33
20    <uses-permission android:name="android.permission.INTERNET" />
20-->[com.mapbox.mapboxsdk:mapbox-android-sdk:8.6.0] AndroidManifest.xml:16:5-67
20-->[com.mapbox.mapboxsdk:mapbox-android-sdk:8.6.0] AndroidManifest.xml:16:22-64
21    <uses-permission android:name="android.permission.ACCESS_NETWORK_STATE" />
21-->[com.mapbox.mapboxsdk:mapbox-android-sdk:8.6.0] AndroidManifest.xml:17:5-79
21-->[com.mapbox.mapboxsdk:mapbox-android-sdk:8.6.0] AndroidManifest.xml:17:22-76
22    <uses-permission android:name="android.permission.ACCESS_WIFI_STATE" /> <!-- Required for CrashReporterJobIntentService on API levels below 25 -->
22-->[com.mapbox.mapboxsdk:mapbox-android-sdk:8.6.0] AndroidManifest.xml:18:5-76
22-->[com.mapbox.mapboxsdk:mapbox-android-sdk:8.6.0] AndroidManifest.xml:18:22-73
23    <uses-permission android:name="android.permission.WAKE_LOCK" />
23-->[com.mapbox.mapboxsdk:mapbox-android-telemetry:4.5.1] AndroidManifest.xml:12:5-68
23-->[com.mapbox.mapboxsdk:mapbox-android-telemetry:4.5.1] AndroidManifest.xml:12:22-65
24
25    <application
25-->src\main\AndroidManifest.xml:7:5-39:19
26        android:name="androidx.multidex.MultiDexApplication"
27        android:allowBackup="true"
27-->src\main\AndroidManifest.xml:8:9-35
28        android:appComponentFactory="androidx.core.app.CoreComponentFactory"
28-->[androidx.core:core:1.1.0] AndroidManifest.xml:24:18-86
29        android:debuggable="true"
30        android:icon="@mipmap/ic_launcher"
30-->src\main\AndroidManifest.xml:9:9-43
31        android:label="@string/app_name"
31-->src\main\AndroidManifest.xml:10:9-41
32        android:roundIcon="@mipmap/ic_launcher"
32-->src\main\AndroidManifest.xml:11:9-48
33        android:supportsRtl="true"
33-->src\main\AndroidManifest.xml:12:9-35
34        android:testOnly="true"
35        android:theme="@style/AppTheme" >
35-->src\main\AndroidManifest.xml:13:9-40
36        <activity android:name="com.example.poli_gas.detailorder.SchedulerOrderDetailFragment" />
36-->src\main\AndroidManifest.xml:14:9-87
36-->src\main\AndroidManifest.xml:14:19-75
37        <activity android:name="com.example.poli_gas.scheduleorder.SchedulerOrderFragment" />
37-->src\main\AndroidManifest.xml:15:9-74
37-->src\main\AndroidManifest.xml:15:19-71
38        <activity android:name="com.example.poli_gas.detailorder.OrderDetailFragment" />
38-->src\main\AndroidManifest.xml:16:9-69
38-->src\main\AndroidManifest.xml:16:19-66
39        <activity android:name="com.example.poli_gas.expressorder.ExpressOrderFragment" />
39-->src\main\AndroidManifest.xml:17:9-71
39-->src\main\AndroidManifest.xml:17:19-68
40        <activity android:name="com.example.poli_gas.myaccount.AccountFragment" />
40-->src\main\AndroidManifest.xml:18:9-63
40-->src\main\AndroidManifest.xml:18:19-60
41        <activity android:name="com.example.poli_gas.mapnavigation.NavigationMapFragment" />
41-->src\main\AndroidManifest.xml:19:9-73
41-->src\main\AndroidManifest.xml:19:19-70
42        <activity android:name="com.example.poli_gas.authuser.AuthUserFragment" />
42-->src\main\AndroidManifest.xml:20:9-63
42-->src\main\AndroidManifest.xml:20:19-60
43        <activity android:name="com.example.poli_gas.welcome.WelcomeFragment" />
43-->src\main\AndroidManifest.xml:21:9-61
43-->src\main\AndroidManifest.xml:21:19-58
44        <activity android:name="com.example.poli_gas.type_request.TypeRequestFragment" />
44-->src\main\AndroidManifest.xml:22:9-70
44-->src\main\AndroidManifest.xml:22:19-67
45        <activity android:name="com.example.poli_gas.schedule_request.ScheduleRequestFragment" />
45-->src\main\AndroidManifest.xml:23:9-78
45-->src\main\AndroidManifest.xml:23:19-75
46        <activity android:name="com.example.poli_gas.progress_request.ProgressRequestFragment" />
46-->src\main\AndroidManifest.xml:24:9-78
46-->src\main\AndroidManifest.xml:24:19-75
47        <activity android:name="com.example.poli_gas.feedback.FeedbackFragment" />
47-->src\main\AndroidManifest.xml:25:9-63
47-->src\main\AndroidManifest.xml:25:19-60
48        <activity android:name="com.example.poli_gas.info_user.InfoUserFragment" />
48-->src\main\AndroidManifest.xml:26:9-64
48-->src\main\AndroidManifest.xml:26:19-61
49        <activity android:name="com.example.poli_gas.home.HomeFragment" />
49-->src\main\AndroidManifest.xml:27:9-55
49-->src\main\AndroidManifest.xml:27:19-52
50        <activity android:name="com.example.poli_gas.MainActivity" >
50-->src\main\AndroidManifest.xml:28:9-34:20
50-->src\main\AndroidManifest.xml:28:19-47
51            <intent-filter>
51-->src\main\AndroidManifest.xml:29:13-33:29
52                <action android:name="android.intent.action.MAIN" />
52-->src\main\AndroidManifest.xml:30:17-69
52-->src\main\AndroidManifest.xml:30:25-66
53
54                <category android:name="android.intent.category.LAUNCHER" />
54-->src\main\AndroidManifest.xml:32:17-77
54-->src\main\AndroidManifest.xml:32:27-74
55            </intent-filter>
56        </activity>
57
58        <meta-data
58-->src\main\AndroidManifest.xml:36:9-38:57
59            android:name="preloaded_fonts"
59-->src\main\AndroidManifest.xml:37:13-43
60            android:resource="@array/preloaded_fonts" />
60-->src\main\AndroidManifest.xml:38:13-54
61
62        <activity android:name="com.mapbox.services.android.navigation.ui.v5.MapboxNavigationActivity" />
62-->[com.mapbox.mapboxsdk:mapbox-android-navigation-ui:0.42.4] AndroidManifest.xml:10:9-106
62-->[com.mapbox.mapboxsdk:mapbox-android-navigation-ui:0.42.4] AndroidManifest.xml:10:19-103
63
64        <service android:name="com.mapbox.services.android.navigation.v5.navigation.NavigationService" />
64-->[com.mapbox.mapboxsdk:mapbox-android-navigation:0.42.4] AndroidManifest.xml:12:9-106
64-->[com.mapbox.mapboxsdk:mapbox-android-navigation:0.42.4] AndroidManifest.xml:12:18-103
65        <service
65-->[com.google.firebase:firebase-database:19.2.0] AndroidManifest.xml:29:9-35:19
66            android:name="com.google.firebase.components.ComponentDiscoveryService"
66-->[com.google.firebase:firebase-database:19.2.0] AndroidManifest.xml:30:13-84
67            android:directBootAware="true"
67-->[com.google.firebase:firebase-common:19.3.0] AndroidManifest.xml:34:13-43
68            android:exported="false" >
68-->[com.google.firebase:firebase-database:19.2.0] AndroidManifest.xml:31:13-37
69            <meta-data
69-->[com.google.firebase:firebase-database:19.2.0] AndroidManifest.xml:32:13-34:85
70                android:name="com.google.firebase.components:com.google.firebase.database.DatabaseRegistrar"
70-->[com.google.firebase:firebase-database:19.2.0] AndroidManifest.xml:33:17-109
71                android:value="com.google.firebase.components.ComponentRegistrar" />
71-->[com.google.firebase:firebase-database:19.2.0] AndroidManifest.xml:34:17-82
72            <meta-data
72-->[com.google.firebase:firebase-storage:19.1.0] AndroidManifest.xml:33:13-35:85
73                android:name="com.google.firebase.components:com.google.firebase.storage.StorageRegistrar"
73-->[com.google.firebase:firebase-storage:19.1.0] AndroidManifest.xml:34:17-107
74                android:value="com.google.firebase.components.ComponentRegistrar" />
74-->[com.google.firebase:firebase-storage:19.1.0] AndroidManifest.xml:35:17-82
75            <meta-data
75-->[com.google.firebase:firebase-auth:19.2.0] AndroidManifest.xml:36:13-38:85
76                android:name="com.google.firebase.components:com.google.firebase.auth.FirebaseAuthRegistrar"
76-->[com.google.firebase:firebase-auth:19.2.0] AndroidManifest.xml:37:17-109
77                android:value="com.google.firebase.components.ComponentRegistrar" />
77-->[com.google.firebase:firebase-auth:19.2.0] AndroidManifest.xml:38:17-82
78            <meta-data
78-->[com.google.firebase:firebase-firestore:21.3.1] AndroidManifest.xml:20:13-22:85
79                android:name="com.google.firebase.components:com.google.firebase.firestore.FirestoreRegistrar"
79-->[com.google.firebase:firebase-firestore:21.3.1] AndroidManifest.xml:21:17-111
80                android:value="com.google.firebase.components.ComponentRegistrar" />
80-->[com.google.firebase:firebase-firestore:21.3.1] AndroidManifest.xml:22:17-82
81        </service>
82
83        <activity
83-->[com.google.firebase:firebase-auth:19.2.0] AndroidManifest.xml:24:9-31:50
84            android:name="com.google.firebase.auth.internal.FederatedSignInActivity"
84-->[com.google.firebase:firebase-auth:19.2.0] AndroidManifest.xml:25:13-85
85            android:excludeFromRecents="true"
85-->[com.google.firebase:firebase-auth:19.2.0] AndroidManifest.xml:26:13-46
86            android:exported="true"
86-->[com.google.firebase:firebase-auth:19.2.0] AndroidManifest.xml:27:13-36
87            android:launchMode="singleTask"
87-->[com.google.firebase:firebase-auth:19.2.0] AndroidManifest.xml:28:13-44
88            android:permission="com.google.firebase.auth.api.gms.permission.LAUNCH_FEDERATED_SIGN_IN"
88-->[com.google.firebase:firebase-auth:19.2.0] AndroidManifest.xml:29:13-102
89            android:theme="@android:style/Theme.Translucent.NoTitleBar" />
89-->[com.google.firebase:firebase-auth:19.2.0] AndroidManifest.xml:30:13-72
90
91        <provider
91-->[androidx.lifecycle:lifecycle-process:2.1.0] AndroidManifest.xml:23:9-27:43
92            android:name="androidx.lifecycle.ProcessLifecycleOwnerInitializer"
92-->[androidx.lifecycle:lifecycle-process:2.1.0] AndroidManifest.xml:24:13-79
93            android:authorities="com.example.poli_gas.lifecycle-process"
93-->[androidx.lifecycle:lifecycle-process:2.1.0] AndroidManifest.xml:25:13-69
94            android:exported="false"
94-->[androidx.lifecycle:lifecycle-process:2.1.0] AndroidManifest.xml:26:13-37
95            android:multiprocess="true" />
95-->[androidx.lifecycle:lifecycle-process:2.1.0] AndroidManifest.xml:27:13-40
96        <provider
96-->[com.mapbox.mapboxsdk:mapbox-android-telemetry:4.5.1] AndroidManifest.xml:19:9-23:39
97            android:name="com.mapbox.android.telemetry.provider.MapboxTelemetryInitProvider"
97-->[com.mapbox.mapboxsdk:mapbox-android-telemetry:4.5.1] AndroidManifest.xml:20:13-93
98            android:authorities="com.example.poli_gas.mapboxtelemetryinitprovider"
98-->[com.mapbox.mapboxsdk:mapbox-android-telemetry:4.5.1] AndroidManifest.xml:21:13-79
99            android:exported="false"
99-->[com.mapbox.mapboxsdk:mapbox-android-telemetry:4.5.1] AndroidManifest.xml:22:13-37
100            android:initOrder="100" />
100-->[com.mapbox.mapboxsdk:mapbox-android-telemetry:4.5.1] AndroidManifest.xml:23:13-36
101
102        <service
102-->[com.mapbox.mapboxsdk:mapbox-android-telemetry:4.5.1] AndroidManifest.xml:25:9-27:72
103            android:name="com.mapbox.android.telemetry.crash.CrashReporterJobIntentService"
103-->[com.mapbox.mapboxsdk:mapbox-android-telemetry:4.5.1] AndroidManifest.xml:26:13-92
104            android:permission="android.permission.BIND_JOB_SERVICE" />
104-->[com.mapbox.mapboxsdk:mapbox-android-telemetry:4.5.1] AndroidManifest.xml:27:13-69
105
106        <activity
106-->[com.google.android.gms:play-services-base:17.1.0] AndroidManifest.xml:23:9-26:75
107            android:name="com.google.android.gms.common.api.GoogleApiActivity"
107-->[com.google.android.gms:play-services-base:17.1.0] AndroidManifest.xml:24:13-79
108            android:exported="false"
108-->[com.google.android.gms:play-services-base:17.1.0] AndroidManifest.xml:25:13-37
109            android:theme="@android:style/Theme.Translucent.NoTitleBar" />
109-->[com.google.android.gms:play-services-base:17.1.0] AndroidManifest.xml:26:13-72
110
111        <provider
111-->[com.google.firebase:firebase-common:19.3.0] AndroidManifest.xml:26:9-30:39
112            android:name="com.google.firebase.provider.FirebaseInitProvider"
112-->[com.google.firebase:firebase-common:19.3.0] AndroidManifest.xml:27:13-77
113            android:authorities="com.example.poli_gas.firebaseinitprovider"
113-->[com.google.firebase:firebase-common:19.3.0] AndroidManifest.xml:28:13-72
114            android:exported="false"
114-->[com.google.firebase:firebase-common:19.3.0] AndroidManifest.xml:29:13-37
115            android:initOrder="100" />
115-->[com.google.firebase:firebase-common:19.3.0] AndroidManifest.xml:30:13-36
116
117        <meta-data
117-->[com.google.android.gms:play-services-basement:17.0.0] AndroidManifest.xml:23:9-25:69
118            android:name="com.google.android.gms.version"
118-->[com.google.android.gms:play-services-basement:17.0.0] AndroidManifest.xml:24:13-58
119            android:value="@integer/google_play_services_version" />
119-->[com.google.android.gms:play-services-basement:17.0.0] AndroidManifest.xml:25:13-66
120
121        <provider
121-->[com.squareup.picasso:picasso:2.71828] AndroidManifest.xml:8:9-11:40
122            android:name="com.squareup.picasso.PicassoProvider"
122-->[com.squareup.picasso:picasso:2.71828] AndroidManifest.xml:9:13-64
123            android:authorities="com.example.poli_gas.com.squareup.picasso"
123-->[com.squareup.picasso:picasso:2.71828] AndroidManifest.xml:10:13-72
124            android:exported="false" />
124-->[com.squareup.picasso:picasso:2.71828] AndroidManifest.xml:11:13-37
125    </application>
126
127</manifest>